android/app/build/intermediates/manifest_merge_blame_file/release/processReleaseMainManifest/manifest-merger-blame-release-report.txt
1<?xml version="1.0" encoding="utf-8"?>
2<!-- SPDX-License-Identifier: LicenseRef-CASU-AntiCapitalist-1.4 -->
3<manifest xmlns:android="http://schemas.android.com/apk/res/android"
4    package="org.casu.mpcasu"
5    android:versionCode="5"
6    android:versionName="5.0.0" >
7
8    <uses-sdk
9        android:minSdkVersion="24"
10        android:targetSdkVersion="34" />
11
12    <uses-permission android:name="android.permission.INTERNET" />
12-->src/main/AndroidManifest.xml:4:5-66
12-->src/main/AndroidManifest.xml:4:22-64
13    <uses-permission android:name="android.permission.FOREGROUND_SERVICE" />
13-->src/main/AndroidManifest.xml:5:5-76
13-->src/main/AndroidManifest.xml:5:22-74
14    <uses-permission android:name="android.permission.FOREGROUND_SERVICE_MEDIA_PLAYBACK" />
14-->src/main/AndroidManifest.xml:6:5-91
14-->src/main/AndroidManifest.xml:6:22-89
15    <uses-permission android:name="android.permission.POST_NOTIFICATIONS" />
15-->src/main/AndroidManifest.xml:7:5-76
15-->src/main/AndroidManifest.xml:7:22-74
16    <uses-permission
16-->src/main/AndroidManifest.xml:8:5-9:50
17        android:name="android.permission.READ_EXTERNAL_STORAGE"
17-->src/main/AndroidManifest.xml:8:22-77
18        android:maxSdkVersion="32" />
18-->src/main/AndroidManifest.xml:9:22-48
19    <uses-permission android:name="android.permission.READ_MEDIA_AUDIO" />
19-->src/main/AndroidManifest.xml:10:5-74
19-->src/main/AndroidManifest.xml:10:22-72
20    <uses-permission android:name="android.permission.READ_MEDIA_VIDEO" />
20-->src/main/AndroidManifest.xml:11:5-74
20-->src/main/AndroidManifest.xml:11:22-72
21
22    <application
22-->src/main/AndroidManifest.xml:12:5-58:19
23        android:name="org.casu.mpcasu.MpcasuApp"
23-->src/main/AndroidManifest.xml:13:9-34
24        android:extractNativeLibs="false"
25        android:hardwareAccelerated="true"
25-->src/main/AndroidManifest.xml:18:9-43
26        android:icon="@mipmap/ic_launcher"
26-->src/main/AndroidManifest.xml:15:9-43
27        android:label="MPCASU"
27-->src/main/AndroidManifest.xml:14:9-31
28        android:theme="@style/Theme.Casu"
28-->src/main/AndroidManifest.xml:16:9-42
29        android:usesCleartextTraffic="true" >
29-->src/main/AndroidManifest.xml:17:9-44
30        <activity
30-->src/main/AndroidManifest.xml:19:9-38:20
31            android:name="org.casu.mpcasu.MainActivity"
31-->src/main/AndroidManifest.xml:19:19-47
32            android:configChanges="orientation|screenSize|keyboardHidden"
32-->src/main/AndroidManifest.xml:22:19-80
33            android:exported="true"
33-->src/main/AndroidManifest.xml:20:19-42
34            android:launchMode="singleTask" >
34-->src/main/AndroidManifest.xml:21:19-50
35            <intent-filter>
35-->src/main/AndroidManifest.xml:23:13-33:29
36                <action android:name="android.intent.action.VIEW" />
36-->src/main/AndroidManifest.xml:24:17-68
36-->src/main/AndroidManifest.xml:24:25-66
37
38                <category android:name="android.intent.category.DEFAULT" />
38-->src/main/AndroidManifest.xml:25:17-75
38-->src/main/AndroidManifest.xml:25:27-73
39                <category android:name="android.intent.category.BROWSABLE" />
39-->src/main/AndroidManifest.xml:26:17-77
39-->src/main/AndroidManifest.xml:26:27-75
40
41                <data android:mimeType="audio/*" />
41-->src/main/AndroidManifest.xml:27:17-51
41-->src/main/AndroidManifest.xml:27:23-49
42                <data android:mimeType="video/*" />
42-->src/main/AndroidManifest.xml:27:17-51
42-->src/main/AndroidManifest.xml:27:23-49
43                <data android:mimeType="application/x-mpegurl" />
43-->src/main/AndroidManifest.xml:27:17-51
43-->src/main/AndroidManifest.xml:27:23-49
44                <data android:mimeType="application/vnd.apple.mpegurl" />
44-->src/main/AndroidManifest.xml:27:17-51
44-->src/main/AndroidManifest.xml:27:23-49
45                <data android:mimeType="audio/x-mpegurl" />
45-->src/main/AndroidManifest.xml:27:17-51
45-->src/main/AndroidManifest.xml:27:23-49
46                <data android:mimeType="audio/x-scpls" />
46-->src/main/AndroidManifest.xml:27:17-51
46-->src/main/AndroidManifest.xml:27:23-49
47            </intent-filter>
48            <intent-filter>
48-->src/main/AndroidManifest.xml:34:13-37:29
49                <action android:name="android.intent.action.MAIN" />
49-->src/main/AndroidManifest.xml:35:17-68
49-->src/main/AndroidManifest.xml:35:25-66
50
51                <category android:name="android.intent.category.LAUNCHER" />
51-->src/main/AndroidManifest.xml:36:17-76
51-->src/main/AndroidManifest.xml:36:27-74
52            </intent-filter>
53        </activity>
54
55        <!-- VLC-style notification-panel transport (media foreground svc) -->
56        <service
56-->src/main/AndroidManifest.xml:41:9-43:65
57            android:name="org.casu.mpcasu.PlaybackNotificationService"
57-->src/main/AndroidManifest.xml:41:18-61
58            android:exported="false"
58-->src/main/AndroidManifest.xml:42:18-42
59            android:foregroundServiceType="mediaPlayback" />
59-->src/main/AndroidManifest.xml:43:18-63
60
61        <!-- Home-screen widget (4×1): transport broadcasts + state push -->
62        <receiver
62-->src/main/AndroidManifest.xml:46:9-57:20
63            android:name="org.casu.mpcasu.McasuWidgetProvider"
63-->src/main/AndroidManifest.xml:46:19-54
64            android:exported="true"
64-->src/main/AndroidManifest.xml:47:19-42
65            android:label="MPCASU" >
65-->src/main/AndroidManifest.xml:48:19-41
66            <intent-filter>
66-->src/main/AndroidManifest.xml:49:13-54:29
67                <action android:name="android.appwidget.action.APPWIDGET_UPDATE" />
67-->src/main/AndroidManifest.xml:50:17-83
67-->src/main/AndroidManifest.xml:50:25-81
68                <action android:name="org.casu.mpcasu.WIDGET_PREV" />
68-->src/main/AndroidManifest.xml:51:17-69
68-->src/main/AndroidManifest.xml:51:25-67
69                <action android:name="org.casu.mpcasu.WIDGET_PLAY" />
69-->src/main/AndroidManifest.xml:52:17-69
69-->src/main/AndroidManifest.xml:52:25-67
70                <action android:name="org.casu.mpcasu.WIDGET_NEXT" />
70-->src/main/AndroidManifest.xml:53:17-69
70-->src/main/AndroidManifest.xml:53:25-67
71            </intent-filter>
72
73            <meta-data
73-->src/main/AndroidManifest.xml:55:13-56:61
74                android:name="android.appwidget.provider"
74-->src/main/AndroidManifest.xml:55:24-65
75                android:resource="@xml/widget_info" />
75-->src/main/AndroidManifest.xml:56:24-59
76        </receiver>
77    </application>
78
79</manifest>